[prepare data]
Namespace(audio_dir='/home/haoy/da33_scratch/haoy/data/cv-corpus-6.1-2020-12-11/en/clips/', input_tsv='covost_tsv/covost_v2.en_de.train.tsv', output_tsv='../../../data/covost_en_de/train.tsv.tmp', overwrite=False, path_key='path', src_key='sentence', tgt_key='translation', verbose=True)
[clean paired corpus]
Namespace(input_tsv='../../../data/covost_en_de/train.tsv.tmp', max=-1, min=1, output_tsv='../../../data/covost_en_de/train.tsv.tmp', overwrite=True, ratio=5.0, src_key='src_text', tgt_key='tgt_text', verbose=True)
OrderedDict([('id', 'common_voice_en_18715036'), ('audio', 'common_voice_en_18715036.mp3'), ('n_frames', '92160'), ('sr', '48000'), ('src_text', '"Bond""."'), ('tgt_text', '[TO REMOVE]')]) contains "REMOVE", skip
OrderedDict([('id', 'common_voice_en_17564815'), ('audio', 'common_voice_en_17564815.mp3'), ('n_frames', '95616'), ('sr', '48000'), ('src_text', 'A gentleman A gipsy.'), ('tgt_text', '[TO REMOVE]')]) contains "REMOVE", skip
OrderedDict([('id', 'common_voice_en_18708294'), ('audio', 'common_voice_en_18708294.mp3'), ('n_frames', '102528'), ('sr', '48000'), ('src_text', 'In St.'), ('tgt_text', '[TO REMOVE]')]) contains "REMOVE", skip
OrderedDict([('id', 'common_voice_en_18819327'), ('audio', 'common_voice_en_18819327.mp3'), ('n_frames', '109440'), ('sr', '48000'), ('src_text', 'Herbert Weir Smyth.'), ('tgt_text', '[TO REMOVE]')]) contains "REMOVE", skip
OrderedDict([('id', 'common_voice_en_18724520'), ('audio', 'common_voice_en_18724520.mp3'), ('n_frames', '110592'), ('sr', '48000'), ('src_text', 'We have hands.'), ('tgt_text', 'TO REMOVE')]) contains "REMOVE", skip
OrderedDict([('id', 'common_voice_en_19312123'), ('audio', 'common_voice_en_19312123.mp3'), ('n_frames', '111744'), ('sr', '48000'), ('src_text', 'It is about in area.'), ('tgt_text', '[TO REMOVE]')]) contains "REMOVE", skip
OrderedDict([('id', 'common_voice_en_19804484'), ('audio', 'common_voice_en_19804484.mp3'), ('n_frames', '112896'), ('sr', '48000'), ('src_text', 'At the time, Bus.'), ('tgt_text', '[TO REMOVE]')]) contains "REMOVE", skip
OrderedDict([('id', 'common_voice_en_17835261'), ('audio', 'common_voice_en_17835261.mp3'), ('n_frames', '120960'), ('sr', '48000'), ('src_text', 'A gentleman A gipsy.'), ('tgt_text', '[TO REMOVE]')]) contains "REMOVE", skip
OrderedDict([('id', 'common_voice_en_18724383'), ('audio', 'common_voice_en_18724383.mp3'), ('n_frames', '122112'), ('sr', '48000'), ('src_text', 'Hiroyuki Nakano'), ('tgt_text', 'TO REMOVE')]) contains "REMOVE", skip
OrderedDict([('id', 'common_voice_en_286793'), ('audio', 'common_voice_en_286793.mp3'), ('n_frames', '126720'), ('sr', '48000'), ('src_text', 'Pretty please with a cherry on top!'), ('tgt_text', 'Bittebittebitte!')]) text part invalid ratio, skip
OrderedDict([('id', 'common_voice_en_19794297'), ('audio', 'common_voice_en_19794297.mp3'), ('n_frames', '126720'), ('sr', '48000'), ('src_text', 'Plays the fiddle.'), ('tgt_text', '[TO REMOVE]')]) contains "REMOVE", skip
OrderedDict([('id', 'common_voice_en_18503245'), ('audio', 'common_voice_en_18503245.mp3'), ('n_frames', '126720'), ('sr', '48000'), ('src_text', 'Spell-bound, I take it.'), ('tgt_text', '[TO REMOVE]')]) contains "REMOVE", skip
OrderedDict([('id', 'common_voice_en_19615059'), ('audio', 'common_voice_en_19615059.mp3'), ('n_frames', '127872'), ('sr', '48000'), ('src_text', 'Continuing where Stitch!'), ('tgt_text', '[TO REMOVE] Wo weitermachen Stitch?')]) contains "REMOVE", skip
OrderedDict([('id', 'common_voice_en_84352'), ('audio', 'common_voice_en_84352.mp3'), ('n_frames', '129024'), ('sr', '48000'), ('src_text', 'Book sot for four at Fowlkes'), ('tgt_text', '[TO REMOVE]')]) contains "REMOVE", skip
OrderedDict([('id', 'common_voice_en_19388561'), ('audio', 'common_voice_en_19388561.mp3'), ('n_frames', '130176'), ('sr', '48000'), ('src_text', '"Capwell on ""Santa Barbara""."'), ('tgt_text', '[TO REMOVE]')]) contains "REMOVE", skip
OrderedDict([('id', 'common_voice_en_18724431'), ('audio', 'common_voice_en_18724431.mp3'), ('n_frames', '131328'), ('sr', '48000'), ('src_text', 'Yeats and Paul Muldoon.'), ('tgt_text', 'TO REMOVE')]) contains "REMOVE", skip
OrderedDict([('id', 'common_voice_en_17847050'), ('audio', 'common_voice_en_17847050.mp3'), ('n_frames', '132480'), ('sr', '48000'), ('src_text', 'Pretty please with a cherry on top!'), ('tgt_text', 'Bittebittebitte!')]) text part invalid ratio, skip
OrderedDict([('id', 'common_voice_en_18682535'), ('audio', 'common_voice_en_18682535.mp3'), ('n_frames', '137088'), ('sr', '48000'), ('src_text', 'His younger brother, the Rev.'), ('tgt_text', '[TO REMOVE]')]) contains "REMOVE", skip
OrderedDict([('id', 'common_voice_en_18434135'), ('audio', 'common_voice_en_18434135.mp3'), ('n_frames', '138240'), ('sr', '48000'), ('src_text', 'Spell-bound, I take it.'), ('tgt_text', '[TO REMOVE]')]) contains "REMOVE", skip
OrderedDict([('id', 'common_voice_en_19604837'), ('audio', 'common_voice_en_19604837.mp3'), ('n_frames', '140544'), ('sr', '48000'), ('src_text', 'Souther, except where noted.'), ('tgt_text', '[TO REMOVE]')]) contains "REMOVE", skip
OrderedDict([('id', 'common_voice_en_219630'), ('audio', 'common_voice_en_219630.mp3'), ('n_frames', '144000'), ('sr', '48000'), ('src_text', 'Pretty please with a cherry on top!'), ('tgt_text', 'Bittebittebitte!')]) text part invalid ratio, skip
OrderedDict([('id', 'common_voice_en_33726'), ('audio', 'common_voice_en_33726.mp3'), ('n_frames', '144000'), ('sr', '48000'), ('src_text', 'Play an ep from Preap Sovath.'), ('tgt_text', '[TO REMOVE]')]) contains "REMOVE", skip
OrderedDict([('id', 'common_voice_en_20049302'), ('audio', 'common_voice_en_20049302.mp3'), ('n_frames', '144000'), ('sr', '48000'), ('src_text', 'Amelia was not officially platted.'), ('tgt_text', 'PLEASE REMOVE')]) contains "REMOVE", skip
OrderedDict([('id', 'common_voice_en_18571263'), ('audio', 'common_voice_en_18571263.mp3'), ('n_frames', '144000'), ('sr', '48000'), ('src_text', 'He does but shrug his head.'), ('tgt_text', '[REMOVE]')]) contains "REMOVE", skip
OrderedDict([('id', 'common_voice_en_558107'), ('audio', 'common_voice_en_558107.mp3'), ('n_frames', '146304'), ('sr', '48000'), ('src_text', 'Want a work called Walk the River'), ('tgt_text', '[TO REMOVE]')]) contains "REMOVE", skip
OrderedDict([('id', 'common_voice_en_19080696'), ('audio', 'common_voice_en_19080696.mp3'), ('n_frames', '147456'), ('sr', '48000'), ('src_text', 'Ore wa Otoko Da!'), ('tgt_text', '[TO REMOVE]')]) contains "REMOVE", skip
OrderedDict([('id', 'common_voice_en_501208'), ('audio', 'common_voice_en_501208.mp3'), ('n_frames', '149760'), ('sr', '48000'), ('src_text', 'A buy with a pale on a beach.'), ('tgt_text', '[TO REMOVE]')]) contains "REMOVE", skip
OrderedDict([('id', 'common_voice_en_19647912'), ('audio', 'common_voice_en_19647912.mp3'), ('n_frames', '152064'), ('sr', '48000'), ('src_text', 'Koko ni Iruzee!'), ('tgt_text', '[TO REMOVE]')]) contains "REMOVE", skip
OrderedDict([('id', 'common_voice_en_19579239'), ('audio', 'common_voice_en_19579239.mp3'), ('n_frames', '152064'), ('sr', '48000'), ('src_text', 'Shark infested custard!'), ('tgt_text', '[TO REMOVE] Hai-verseuchter Pudding!')]) contains "REMOVE", skip
OrderedDict([('id', 'common_voice_en_18647556'), ('audio', 'common_voice_en_18647556.mp3'), ('n_frames', '153216'), ('sr', '48000'), ('src_text', 'He does but shrug his head.'), ('tgt_text', '[REMOVE]')]) contains "REMOVE", skip
OrderedDict([('id', 'common_voice_en_18564156'), ('audio', 'common_voice_en_18564156.mp3'), ('n_frames', '153216'), ('sr', '48000'), ('src_text', 'Then he bolted back.'), ('tgt_text', '[TO REMOVE]')]) contains "REMOVE", skip
OrderedDict([('id', 'common_voice_en_19591814'), ('audio', 'common_voice_en_19591814.mp3'), ('n_frames', '153216'), ('sr', '48000'), ('src_text', 'Toward the end of the summer, however, Judge A.'), ('tgt_text', '[TO REMOVE]')]) contains "REMOVE", skip
OrderedDict([('id', 'common_voice_en_19820145'), ('audio', 'common_voice_en_19820145.mp3'), ('n_frames', '154368'), ('sr', '48000'), ('src_text', 'With friends Mills B.'), ('tgt_text', '[TO REMOVE]')]) contains "REMOVE", skip
OrderedDict([('id', 'common_voice_en_19973505'), ('audio', 'common_voice_en_19973505.mp3'), ('n_frames', '154368'), ('sr', '48000'), ('src_text', 'Wares hog farm.'), ('tgt_text', '[TO REMOVE]')]) contains "REMOVE", skip
OrderedDict([('id', 'common_voice_en_18680146'), ('audio', 'common_voice_en_18680146.mp3'), ('n_frames', '155520'), ('sr', '48000'), ('src_text', '"C\'mere a minute."'), ('tgt_text', '[TO REMOVE]')]) contains "REMOVE", skip
OrderedDict([('id', 'common_voice_en_78381'), ('audio', 'common_voice_en_78381.mp3'), ('n_frames', '155520'), ('sr', '48000'), ('src_text', 'Add decade in the sun best of stereophonics to laundry.'), ('tgt_text', 'xxx')]) text part invalid ratio, skip
OrderedDict([('id', 'common_voice_en_18115393'), ('audio', 'common_voice_en_18115393.mp3'), ('n_frames', '155520'), ('sr', '48000'), ('src_text', 'Pretty please with a cherry on top!'), ('tgt_text', 'Bittebittebitte!')]) text part invalid ratio, skip
OrderedDict([('id', 'common_voice_en_19310539'), ('audio', 'common_voice_en_19310539.mp3'), ('n_frames', '156672'), ('sr', '48000'), ('src_text', 'Total nine guitar attack-rock.'), ('tgt_text', '[TO REMOVE] - can‘t translate this in a usable fashion.')]) contains "REMOVE", skip
OrderedDict([('id', 'common_voice_en_18718580'), ('audio', 'common_voice_en_18718580.mp3'), ('n_frames', '156672'), ('sr', '48000'), ('src_text', 'Lovecraft into German.'), ('tgt_text', '[TO REMOVE]')]) contains "REMOVE", skip
OrderedDict([('id', 'common_voice_en_20101535'), ('audio', 'common_voice_en_20101535.mp3'), ('n_frames', '157824'), ('sr', '48000'), ('src_text', 'Erlewine, Stephen Thomas.'), ('tgt_text', '[TO REMOVE]')]) contains "REMOVE", skip
OrderedDict([('id', 'common_voice_en_18758427'), ('audio', 'common_voice_en_18758427.mp3'), ('n_frames', '157824'), ('sr', '48000'), ('src_text', 'Writes Marilyn B.'), ('tgt_text', '[TO REMOVE]')]) contains "REMOVE", skip
OrderedDict([('id', 'common_voice_en_18498202'), ('audio', 'common_voice_en_18498202.mp3'), ('n_frames', '157824'), ('sr', '48000'), ('src_text', 'The Committee on Committees is a real thing.'), ('tgt_text', '[TO REMOVE]')]) contains "REMOVE", skip
OrderedDict([('id', 'common_voice_en_18442134'), ('audio', 'common_voice_en_18442134.mp3'), ('n_frames', '158976'), ('sr', '48000'), ('src_text', 'Spell-bound, I take it.'), ('tgt_text', '[TO REMOVE]')]) contains "REMOVE", skip
OrderedDict([('id', 'common_voice_en_17275150'), ('audio', 'common_voice_en_17275150.mp3'), ('n_frames', '161280'), ('sr', '48000'), ('src_text', 'A gentleman A gipsy.'), ('tgt_text', '[TO REMOVE]')]) contains "REMOVE", skip
OrderedDict([('id', 'common_voice_en_18462796'), ('audio', 'common_voice_en_18462796.mp3'), ('n_frames', '161280'), ('sr', '48000'), ('src_text', 'Spell-bound, I take it.'), ('tgt_text', '[TO REMOVE]')]) contains "REMOVE", skip
OrderedDict([('id', 'common_voice_en_19546845'), ('audio', 'common_voice_en_19546845.mp3'), ('n_frames', '161280'), ('sr', '48000'), ('src_text', '"John Doe\' for a medical doctor."'), ('tgt_text', '[TO REMOVE]')]) contains "REMOVE", skip
OrderedDict([('id', 'common_voice_en_17275398'), ('audio', 'common_voice_en_17275398.mp3'), ('n_frames', '161280'), ('sr', '48000'), ('src_text', 'Pretty please with a cherry on top!'), ('tgt_text', 'Bittebittebitte!')]) text part invalid ratio, skip
OrderedDict([('id', 'common_voice_en_18683100'), ('audio', 'common_voice_en_18683100.mp3'), ('n_frames', '162432'), ('sr', '48000'), ('src_text', 'A repeatability of can be obtained.'), ('tgt_text', '[TO REMOVE]')]) contains "REMOVE", skip
OrderedDict([('id', 'common_voice_en_20002482'), ('audio', 'common_voice_en_20002482.mp3'), ('n_frames', '163584'), ('sr', '48000'), ('src_text', 'In the event, R. J.'), ('tgt_text', '[TO REMOVE]')]) contains "REMOVE", skip
OrderedDict([('id', 'common_voice_en_652271'), ('audio', 'common_voice_en_652271.mp3'), ('n_frames', '163584'), ('sr', '48000'), ('src_text', 'Play an ep from Preap Sovath.'), ('tgt_text', '[TO REMOVE]')]) contains "REMOVE", skip
OrderedDict([('id', 'common_voice_en_89114'), ('audio', 'common_voice_en_89114.mp3'), ('n_frames', '164736'), ('sr', '48000'), ('src_text', 'A soccer player kicks defends his possession.'), ('tgt_text', '[TO REMOVE]')]) contains "REMOVE", skip
OrderedDict([('id', 'common_voice_en_492821'), ('audio', 'common_voice_en_492821.mp3'), ('n_frames', '164736'), ('sr', '48000'), ('src_text', 'Book sot for four at Fowlkes'), ('tgt_text', '[TO REMOVE]')]) contains "REMOVE", skip
OrderedDict([('id', 'common_voice_en_479077'), ('audio', 'common_voice_en_479077.mp3'), ('n_frames', '165888'), ('sr', '48000'), ('src_text', 'Pretty please with a cherry on top!'), ('tgt_text', 'Bittebittebitte!')]) text part invalid ratio, skip
OrderedDict([('id', 'common_voice_en_16047965'), ('audio', 'common_voice_en_16047965.mp3'), ('n_frames', '167040'), ('sr', '48000'), ('src_text', 'A gentleman A gipsy.'), ('tgt_text', '[TO REMOVE]')]) contains "REMOVE", skip
OrderedDict([('id', 'common_voice_en_20049504'), ('audio', 'common_voice_en_20049504.mp3'), ('n_frames', '167040'), ('sr', '48000'), ('src_text', 'The school has several sports team.'), ('tgt_text', 'PLEASE REMOVE')]) contains "REMOVE", skip
OrderedDict([('id', 'common_voice_en_18750831'), ('audio', 'common_voice_en_18750831.mp3'), ('n_frames', '167040'), ('sr', '48000'), ('src_text', '"Yonder\'s the Fairy Hill a\' alowe."'), ('tgt_text', '[TO REMOVE]')]) contains "REMOVE", skip
OrderedDict([('id', 'common_voice_en_18411203'), ('audio', 'common_voice_en_18411203.mp3'), ('n_frames', '168192'), ('sr', '48000'), ('src_text', 'The Committee on Committees is a real thing.'), ('tgt_text', '[TO REMOVE]')]) contains "REMOVE", skip
OrderedDict([('id', 'common_voice_en_551144'), ('audio', 'common_voice_en_551144.mp3'), ('n_frames', '170496'), ('sr', '48000'), ('src_text', 'A soft answer turneth diabo away wrath'), ('tgt_text', '[TO REMOVE]')]) contains "REMOVE", skip
OrderedDict([('id', 'common_voice_en_19545245'), ('audio', 'common_voice_en_19545245.mp3'), ('n_frames', '170496'), ('sr', '48000'), ('src_text', 'Deaf students go around with the regular students, but with their teachers.'), ('tgt_text', '[TO REMOVE]')]) contains "REMOVE", skip
OrderedDict([('id', 'common_voice_en_18403263'), ('audio', 'common_voice_en_18403263.mp3'), ('n_frames', '170496'), ('sr', '48000'), ('src_text', 'Spell-bound, I take it.'), ('tgt_text', '[TO REMOVE]')]) contains "REMOVE", skip
OrderedDict([('id', 'common_voice_en_608498'), ('audio', 'common_voice_en_608498.mp3'), ('n_frames', '172800'), ('sr', '48000'), ('src_text', 'Want a work called Walk the River'), ('tgt_text', '[TO REMOVE]')]) contains "REMOVE", skip
OrderedDict([('id', 'common_voice_en_612515'), ('audio', 'common_voice_en_612515.mp3'), ('n_frames', '172800'), ('sr', '48000'), ('src_text', 'Want a work called Walk the River'), ('tgt_text', '[TO REMOVE]')]) contains "REMOVE", skip
OrderedDict([('id', 'common_voice_en_18492707'), ('audio', 'common_voice_en_18492707.mp3'), ('n_frames', '172800'), ('sr', '48000'), ('src_text', 'The Committee on Committees is a real thing.'), ('tgt_text', '[TO REMOVE]')]) contains "REMOVE", skip
OrderedDict([('id', 'common_voice_en_18725379'), ('audio', 'common_voice_en_18725379.mp3'), ('n_frames', '173952'), ('sr', '48000'), ('src_text', 'Exactly one year later, on the Dynamite!'), ('tgt_text', 'TO REMOVE')]) contains "REMOVE", skip
OrderedDict([('id', 'common_voice_en_18706881'), ('audio', 'common_voice_en_18706881.mp3'), ('n_frames', '175104'), ('sr', '48000'), ('src_text', 'Not just one hole, or even three.'), ('tgt_text', '[TO REMOVE]')]) contains "REMOVE", skip
OrderedDict([('id', 'common_voice_en_18503843'), ('audio', 'common_voice_en_18503843.mp3'), ('n_frames', '175104'), ('sr', '48000'), ('src_text', 'The Committee on Committees is a real thing.'), ('tgt_text', '[TO REMOVE]')]) contains "REMOVE", skip
OrderedDict([('id', 'common_voice_en_19838887'), ('audio', 'common_voice_en_19838887.mp3'), ('n_frames', '176256'), ('sr', '48000'), ('src_text', 'It is located approximately from Earth.'), ('tgt_text', 'PLEASE REMOVE')]) contains "REMOVE", skip
OrderedDict([('id', 'common_voice_en_18502863'), ('audio', 'common_voice_en_18502863.mp3'), ('n_frames', '176256'), ('sr', '48000'), ('src_text', 'The Committee on Committees is a real thing.'), ('tgt_text', '[TO REMOVE]')]) contains "REMOVE", skip
OrderedDict([('id', 'common_voice_en_650344'), ('audio', 'common_voice_en_650344.mp3'), ('n_frames', '178560'), ('sr', '48000'), ('src_text', 'A man is sitting alone on a couch in a log room.'), ('tgt_text', 'PLEASE REMOVE')]) contains "REMOVE", skip
OrderedDict([('id', 'common_voice_en_18734812'), ('audio', 'common_voice_en_18734812.mp3'), ('n_frames', '179712'), ('sr', '48000'), ('src_text', 'Zchiw Song Ensemble a.k.a.'), ('tgt_text', '[TO REMOVE]')]) contains "REMOVE", skip
OrderedDict([('id', 'common_voice_en_18683767'), ('audio', 'common_voice_en_18683767.mp3'), ('n_frames', '180864'), ('sr', '48000'), ('src_text', 'or elsewhere by the new government in Tehran.'), ('tgt_text', 'Diese „neue“ iranische Luftwaffe übernahm weitgehend die Ausrüstung und Struktur der früheren IIAF, auch wenn diese die meisten ihrer führenden Offiziere im Laufe des postrevolutionären Chaos sowie aufgrund der Verfolgung derjenigen, die von der neuen Regierung in Teheran als schahtreu, pro-amerikanisch oder anderweitig als missliebig angesehen wurden, verlor.')]) text part invalid ratio, skip
OrderedDict([('id', 'common_voice_en_19370742'), ('audio', 'common_voice_en_19370742.mp3'), ('n_frames', '182016'), ('sr', '48000'), ('src_text', '"Queen\'s Policy Studies Series."'), ('tgt_text', '[TO REMOVE]')]) contains "REMOVE", skip
OrderedDict([('id', 'common_voice_en_18703707'), ('audio', 'common_voice_en_18703707.mp3'), ('n_frames', '182016'), ('sr', '48000'), ('src_text', '"Brother"" and ""Treasure""."'), ('tgt_text', '[TO REMOVE]')]) contains "REMOVE", skip
OrderedDict([('id', 'common_voice_en_19823690'), ('audio', 'common_voice_en_19823690.mp3'), ('n_frames', '182016'), ('sr', '48000'), ('src_text', 'There were two other crew.'), ('tgt_text', '[TO REMOVE]')]) contains "REMOVE", skip
OrderedDict([('id', 'common_voice_en_18348766'), ('audio', 'common_voice_en_18348766.mp3'), ('n_frames', '182016'), ('sr', '48000'), ('src_text', 'The Committee on Committees is a real thing.'), ('tgt_text', '[TO REMOVE]')]) contains "REMOVE", skip
OrderedDict([('id', 'common_voice_en_18725385'), ('audio', 'common_voice_en_18725385.mp3'), ('n_frames', '184320'), ('sr', '48000'), ('src_text', 'It is made like a turnover but is more savoury.'), ('tgt_text', 'TO REMOVE')]) contains "REMOVE", skip
OrderedDict([('id', 'common_voice_en_19515883'), ('audio', 'common_voice_en_19515883.mp3'), ('n_frames', '185472'), ('sr', '48000'), ('src_text', 'Ordnance in McCarran, Nevada.'), ('tgt_text', '[TO REMOVE]')]) contains "REMOVE", skip
OrderedDict([('id', 'common_voice_en_19510717'), ('audio', 'common_voice_en_19510717.mp3'), ('n_frames', '185472'), ('sr', '48000'), ('src_text', 'Sebastian Leone Borough President.'), ('tgt_text', '[TO REMOVE]')]) contains "REMOVE", skip
OrderedDict([('id', 'common_voice_en_20052259'), ('audio', 'common_voice_en_20052259.mp3'), ('n_frames', '186624'), ('sr', '48000'), ('src_text', 'Senator of Native Hawaiian ancestry.'), ('tgt_text', '[TO REMOVE]')]) contains "REMOVE", skip
OrderedDict([('id', 'common_voice_en_18627724'), ('audio', 'common_voice_en_18627724.mp3'), ('n_frames', '186624'), ('sr', '48000'), ('src_text', 'Harry snatched his hands away from before his face.'), ('tgt_text', '[TO REMOVE]')]) contains "REMOVE", skip
OrderedDict([('id', 'common_voice_en_19073734'), ('audio', 'common_voice_en_19073734.mp3'), ('n_frames', '187776'), ('sr', '48000'), ('src_text', 'I must have Saint Louis-then Huzza!'), ('tgt_text', '[TO REMOVE]')]) contains "REMOVE", skip
OrderedDict([('id', 'common_voice_en_19794270'), ('audio', 'common_voice_en_19794270.mp3'), ('n_frames', '187776'), ('sr', '48000'), ('src_text', 'Mary Worth Sprague - B.'), ('tgt_text', '[TO REMOVE]')]) contains "REMOVE", skip
OrderedDict([('id', 'common_voice_en_19637467'), ('audio', 'common_voice_en_19637467.mp3'), ('n_frames', '190080'), ('sr', '48000'), ('src_text', 'Effen der Veed, you gifs to der Doc.'), ('tgt_text', '[TO REMOVE]')]) contains "REMOVE", skip
OrderedDict([('id', 'common_voice_en_13427'), ('audio', 'common_voice_en_13427.mp3'), ('n_frames', '190080'), ('sr', '48000'), ('src_text', 'A soft answer turneth diabo away wrath'), ('tgt_text', '[TO REMOVE]')]) contains "REMOVE", skip
OrderedDict([('id', 'common_voice_en_18453613'), ('audio', 'common_voice_en_18453613.mp3'), ('n_frames', '190080'), ('sr', '48000'), ('src_text', 'The Committee on Committees is a real thing.'), ('tgt_text', '[TO REMOVE]')]) contains "REMOVE", skip
OrderedDict([('id', 'common_voice_en_18727587'), ('audio', 'common_voice_en_18727587.mp3'), ('n_frames', '190080'), ('sr', '48000'), ('src_text', 'A version of Mjolnir in the What If?'), ('tgt_text', '[TO REMOVE]')]) contains "REMOVE", skip
OrderedDict([('id', 'common_voice_en_70506'), ('audio', 'common_voice_en_70506.mp3'), ('n_frames', '193536'), ('sr', '48000'), ('src_text', 'A buy with a pale on a beach.'), ('tgt_text', '[TO REMOVE]')]) contains "REMOVE", skip
OrderedDict([('id', 'common_voice_en_18725359'), ('audio', 'common_voice_en_18725359.mp3'), ('n_frames', '194688'), ('sr', '48000'), ('src_text', '"In this sense there are many human \'races."'), ('tgt_text', 'TO REMOVE')]) contains "REMOVE", skip
OrderedDict([('id', 'common_voice_en_18467735'), ('audio', 'common_voice_en_18467735.mp3'), ('n_frames', '195840'), ('sr', '48000'), ('src_text', 'Spell-bound, I take it.'), ('tgt_text', '[TO REMOVE]')]) contains "REMOVE", skip
OrderedDict([('id', 'common_voice_en_19326014'), ('audio', 'common_voice_en_19326014.mp3'), ('n_frames', '196992'), ('sr', '48000'), ('src_text', 'It is around in circumference.'), ('tgt_text', '[TO REMOVE]')]) contains "REMOVE", skip
OrderedDict([('id', 'common_voice_en_18738205'), ('audio', 'common_voice_en_18738205.mp3'), ('n_frames', '198144'), ('sr', '48000'), ('src_text', 'Lower appeals courts upheld the conviction.'), ('tgt_text', '[TO REMOVE]')]) contains "REMOVE", skip
OrderedDict([('id', 'common_voice_en_19536862'), ('audio', 'common_voice_en_19536862.mp3'), ('n_frames', '198144'), ('sr', '48000'), ('src_text', 'Lewis and, most notably, Robert Graves.'), ('tgt_text', '[TO REMOVE]')]) contains "REMOVE", skip
OrderedDict([('id', 'common_voice_en_35606'), ('audio', 'common_voice_en_35606.mp3'), ('n_frames', '199296'), ('sr', '48000'), ('src_text', 'Pretty please with a cherry on top!'), ('tgt_text', 'Bittebittebitte!')]) text part invalid ratio, skip
OrderedDict([('id', 'common_voice_en_480950'), ('audio', 'common_voice_en_480950.mp3'), ('n_frames', '199296'), ('sr', '48000'), ('src_text', 'A soft answer turneth diabo away wrath'), ('tgt_text', '[TO REMOVE]')]) contains "REMOVE", skip
OrderedDict([('id', 'common_voice_en_18697975'), ('audio', 'common_voice_en_18697975.mp3'), ('n_frames', '200448'), ('sr', '48000'), ('src_text', 'de Graft-Hayford.'), ('tgt_text', '[TO REMOVE]')]) contains "REMOVE", skip
OrderedDict([('id', 'common_voice_en_18725346'), ('audio', 'common_voice_en_18725346.mp3'), ('n_frames', '201600'), ('sr', '48000'), ('src_text', 'Standard English: Where is that boy?'), ('tgt_text', 'TO REMOVE')]) contains "REMOVE", skip
OrderedDict([('id', 'common_voice_en_20025780'), ('audio', 'common_voice_en_20025780.mp3'), ('n_frames', '205056'), ('sr', '48000'), ('src_text', 'New appointments are usually announced during Hilary.'), ('tgt_text', '[TO REMOVE]')]) contains "REMOVE", skip
OrderedDict([('id', 'common_voice_en_19855098'), ('audio', 'common_voice_en_19855098.mp3'), ('n_frames', '205056'), ('sr', '48000'), ('src_text', 'Scup are heavily fished commercially and recreationally.'), ('tgt_text', 'PEASE REMOVE')]) contains "REMOVE", skip
OrderedDict([('id', 'common_voice_en_18725353'), ('audio', 'common_voice_en_18725353.mp3'), ('n_frames', '206208'), ('sr', '48000'), ('src_text', 'Charlotte... was a Pratt; and she was a picture.'), ('tgt_text', 'TO REMOVE')]) contains "REMOVE", skip
OrderedDict([('id', 'common_voice_en_19087542'), ('audio', 'common_voice_en_19087542.mp3'), ('n_frames', '207360'), ('sr', '48000'), ('src_text', 'Elevation ranges from about up to the level.'), ('tgt_text', '[TO REMOVE]')]) contains "REMOVE", skip
OrderedDict([('id', 'common_voice_en_18698170'), ('audio', 'common_voice_en_18698170.mp3'), ('n_frames', '208512'), ('sr', '48000'), ('src_text', '"Brother"" and ""Treasure""."'), ('tgt_text', '[TO REMOVE]')]) contains "REMOVE", skip
OrderedDict([('id', 'common_voice_en_19531072'), ('audio', 'common_voice_en_19531072.mp3'), ('n_frames', '209664'), ('sr', '48000'), ('src_text', '"This town is very famous for ""Chath"" puja in jharkhand state."'), ('tgt_text', '[TO REMOVE]')]) contains "REMOVE", skip
OrderedDict([('id', 'common_voice_en_18712196'), ('audio', 'common_voice_en_18712196.mp3'), ('n_frames', '209664'), ('sr', '48000'), ('src_text', 'label and continued as a solo artist.'), ('tgt_text', '[TO REMOVE]')]) contains "REMOVE", skip
OrderedDict([('id', 'common_voice_en_18738303'), ('audio', 'common_voice_en_18738303.mp3'), ('n_frames', '209664'), ('sr', '48000'), ('src_text', 'Various arguments exist for which kind was used.'), ('tgt_text', '[TO REMOVE]')]) contains "REMOVE", skip
OrderedDict([('id', 'common_voice_en_19713838'), ('audio', 'common_voice_en_19713838.mp3'), ('n_frames', '210816'), ('sr', '48000'), ('src_text', 'School, Bhopal and was the head girl of her school.'), ('tgt_text', 'PLEASE REMOVE')]) contains "REMOVE", skip
OrderedDict([('id', 'common_voice_en_493468'), ('audio', 'common_voice_en_493468.mp3'), ('n_frames', '210816'), ('sr', '48000'), ('src_text', 'A couple acting like they are swimming in front of a fish cutout door.'), ('tgt_text', '[TO REMOVE]')]) contains "REMOVE", skip
OrderedDict([('id', 'common_voice_en_19078510'), ('audio', 'common_voice_en_19078510.mp3'), ('n_frames', '210816'), ('sr', '48000'), ('src_text', 'The son of Congressman Compton I.'), ('tgt_text', 'White, Sohn des Kongressabgeordneten Compton I. White und Josephine Elizabeth White (geb. Bunn), wurde in Spokane, Washington, geboren und wuchs in der Heimatstadt seiner Familie, Clark Fork, Idaho, und in Washington, D.C., auf.')]) text part invalid ratio, skip
OrderedDict([('id', 'common_voice_en_18709924'), ('audio', 'common_voice_en_18709924.mp3'), ('n_frames', '211968'), ('sr', '48000'), ('src_text', 'in a human-readable format, rather than showing raw modes.'), ('tgt_text', '[TO REMOVE]')]) contains "REMOVE", skip
OrderedDict([('id', 'common_voice_en_539584'), ('audio', 'common_voice_en_539584.mp3'), ('n_frames', '213120'), ('sr', '48000'), ('src_text', 'Add decade in the sun best of stereophonics to laundry.'), ('tgt_text', 'xxx')]) text part invalid ratio, skip
OrderedDict([('id', 'common_voice_en_20022017'), ('audio', 'common_voice_en_20022017.mp3'), ('n_frames', '216576'), ('sr', '48000'), ('src_text', 'By the time fear the underdog.'), ('tgt_text', '[TO REMOVE]')]) contains "REMOVE", skip
OrderedDict([('id', 'common_voice_en_18665981'), ('audio', 'common_voice_en_18665981.mp3'), ('n_frames', '216576'), ('sr', '48000'), ('src_text', 'Suddenly Mr. Ricardo started in his chair.'), ('tgt_text', '[TO REMOVE]')]) contains "REMOVE", skip
OrderedDict([('id', 'common_voice_en_18564215'), ('audio', 'common_voice_en_18564215.mp3'), ('n_frames', '217728'), ('sr', '48000'), ('src_text', 'Suddenly Mr. Ricardo started in his chair.'), ('tgt_text', '[TO REMOVE]')]) contains "REMOVE", skip
OrderedDict([('id', 'common_voice_en_20049881'), ('audio', 'common_voice_en_20049881.mp3'), ('n_frames', '217728'), ('sr', '48000'), ('src_text', 'Gabriel has an additional problem in that he procrastinated getting married.'), ('tgt_text', 'PLEASE REMOVE')]) contains "REMOVE", skip
OrderedDict([('id', 'common_voice_en_19768009'), ('audio', 'common_voice_en_19768009.mp3'), ('n_frames', '218880'), ('sr', '48000'), ('src_text', 'There is also a on space groups.'), ('tgt_text', '[TO REMOVE]')]) contains "REMOVE", skip
OrderedDict([('id', 'common_voice_en_511760'), ('audio', 'common_voice_en_511760.mp3'), ('n_frames', '218880'), ('sr', '48000'), ('src_text', '"I\'d like to hear music that\'s popular from Trick-trick on the Slacker service"'), ('tgt_text', '[TO REMOVE] (gibberish)')]) contains "REMOVE", skip
OrderedDict([('id', 'common_voice_en_18706897'), ('audio', 'common_voice_en_18706897.mp3'), ('n_frames', '220032'), ('sr', '48000'), ('src_text', 'Bill rather than continuing a life in music.'), ('tgt_text', '[TO REMOVE]')]) contains "REMOVE", skip
OrderedDict([('id', 'common_voice_en_18606408'), ('audio', 'common_voice_en_18606408.mp3'), ('n_frames', '222336'), ('sr', '48000'), ('src_text', 'Suddenly Mr. Ricardo started in his chair.'), ('tgt_text', '[TO REMOVE]')]) contains "REMOVE", skip
OrderedDict([('id', 'common_voice_en_18908173'), ('audio', 'common_voice_en_18908173.mp3'), ('n_frames', '224640'), ('sr', '48000'), ('src_text', 'Chess Federation and the American Mining History Association.'), ('tgt_text', '[TO REMOVE]')]) contains "REMOVE", skip
OrderedDict([('id', 'common_voice_en_58823'), ('audio', 'common_voice_en_58823.mp3'), ('n_frames', '224640'), ('sr', '48000'), ('src_text', 'Add decade in the sun best of stereophonics to laundry.'), ('tgt_text', 'xxx')]) text part invalid ratio, skip
OrderedDict([('id', 'common_voice_en_19507807'), ('audio', 'common_voice_en_19507807.mp3'), ('n_frames', '224640'), ('sr', '48000'), ('src_text', 'In the lawsuit, Dickson claimed that William J.'), ('tgt_text', '[TO REMOVE]')]) contains "REMOVE", skip
OrderedDict([('id', 'common_voice_en_20109815'), ('audio', 'common_voice_en_20109815.mp3'), ('n_frames', '224640'), ('sr', '48000'), ('src_text', 'Brick later is brought back to the Watch by the same.'), ('tgt_text', '[TO REMOVE]')]) contains "REMOVE", skip
OrderedDict([('id', 'common_voice_en_69111'), ('audio', 'common_voice_en_69111.mp3'), ('n_frames', '226944'), ('sr', '48000'), ('src_text', '"I\'d like to hear music that\'s popular from Trick-trick on the Slacker service"'), ('tgt_text', '[TO REMOVE] (gibberish)')]) contains "REMOVE", skip
OrderedDict([('id', 'common_voice_en_19581010'), ('audio', 'common_voice_en_19581010.mp3'), ('n_frames', '226944'), ('sr', '48000'), ('src_text', '"When spoken this is pronounced \'three-a\'."'), ('tgt_text', '[TO REMOVE]')]) contains "REMOVE", skip
OrderedDict([('id', 'common_voice_en_19595411'), ('audio', 'common_voice_en_19595411.mp3'), ('n_frames', '228096'), ('sr', '48000'), ('src_text', 'When born, the pups weigh and are about long.'), ('tgt_text', '[REMOVE]')]) contains "REMOVE", skip
OrderedDict([('id', 'common_voice_en_21386'), ('audio', 'common_voice_en_21386.mp3'), ('n_frames', '228096'), ('sr', '48000'), ('src_text', 'Play the album entitled Se Potrei Avere Te.'), ('tgt_text', '[TO REMOVE]')]) contains "REMOVE", skip
OrderedDict([('id', 'common_voice_en_19770246'), ('audio', 'common_voice_en_19770246.mp3'), ('n_frames', '229248'), ('sr', '48000'), ('src_text', 'The was dispatched to Nagoya to assist in relief efforts there.'), ('tgt_text', '[TO REMOVE]')]) contains "REMOVE", skip
OrderedDict([('id', 'common_voice_en_19511507'), ('audio', 'common_voice_en_19511507.mp3'), ('n_frames', '229248'), ('sr', '48000'), ('src_text', 'Julie Newmar where he played a drag queen.'), ('tgt_text', '[TO REMOVE]')]) contains "REMOVE", skip
OrderedDict([('id', 'common_voice_en_18567019'), ('audio', 'common_voice_en_18567019.mp3'), ('n_frames', '230400'), ('sr', '48000'), ('src_text', 'I got the first hint in an inn in the Tyrol.'), ('tgt_text', '[TO REMOVE]')]) contains "REMOVE", skip
OrderedDict([('id', 'common_voice_en_19536786'), ('audio', 'common_voice_en_19536786.mp3'), ('n_frames', '230400'), ('sr', '48000'), ('src_text', 'Miles to whom he had not long since surrendered.'), ('tgt_text', '[TO REMOVE]')]) contains "REMOVE", skip
OrderedDict([('id', 'common_voice_en_18739917'), ('audio', 'common_voice_en_18739917.mp3'), ('n_frames', '231552'), ('sr', '48000'), ('src_text', 'Stew Timm is the Park and Rec Director.'), ('tgt_text', '[TO REMOVE]')]) contains "REMOVE", skip
OrderedDict([('id', 'common_voice_en_61748'), ('audio', 'common_voice_en_61748.mp3'), ('n_frames', '231552'), ('sr', '48000'), ('src_text', 'Book sot for four at Fowlkes'), ('tgt_text', '[TO REMOVE]')]) contains "REMOVE", skip
OrderedDict([('id', 'common_voice_en_19513986'), ('audio', 'common_voice_en_19513986.mp3'), ('n_frames', '232704'), ('sr', '48000'), ('src_text', '"Dan Djurdjevic\'s article What did Ed Parker Study?"'), ('tgt_text', '[TO REMOVE]')]) contains "REMOVE", skip
OrderedDict([('id', 'common_voice_en_18686327'), ('audio', 'common_voice_en_18686327.mp3'), ('n_frames', '233856'), ('sr', '48000'), ('src_text', '"\'s show setlists for years."'), ('tgt_text', '[TO REMOVE]')]) contains "REMOVE", skip
OrderedDict([('id', 'common_voice_en_19621417'), ('audio', 'common_voice_en_19621417.mp3'), ('n_frames', '235008'), ('sr', '48000'), ('src_text', 'The longest ski lift is about long.'), ('tgt_text', '[TO REMOVE]')]) contains "REMOVE", skip
OrderedDict([('id', 'common_voice_en_19795312'), ('audio', 'common_voice_en_19795312.mp3'), ('n_frames', '236160'), ('sr', '48000'), ('src_text', 'The Clubs and national teams That received the most goals by country.'), ('tgt_text', '[TO REMOVE]')]) contains "REMOVE", skip
OrderedDict([('id', 'common_voice_en_19848647'), ('audio', 'common_voice_en_19848647.mp3'), ('n_frames', '238464'), ('sr', '48000'), ('src_text', '"It was also named ""Rough Trade\'s"" ""Single of the Year."'), ('tgt_text', '[TO REMOVE]')]) contains "REMOVE", skip
OrderedDict([('id', 'common_voice_en_652898'), ('audio', 'common_voice_en_652898.mp3'), ('n_frames', '239616'), ('sr', '48000'), ('src_text', '"I\'d like to hear music that\'s popular from Trick-trick on the Slacker service"'), ('tgt_text', '[TO REMOVE] (gibberish)')]) contains "REMOVE", skip
OrderedDict([('id', 'common_voice_en_18672361'), ('audio', 'common_voice_en_18672361.mp3'), ('n_frames', '239616'), ('sr', '48000'), ('src_text', 'More frequent is washing of just the hands, e.g.'), ('tgt_text', '[TO REMOVE]')]) contains "REMOVE", skip
OrderedDict([('id', 'common_voice_en_20049710'), ('audio', 'common_voice_en_20049710.mp3'), ('n_frames', '239616'), ('sr', '48000'), ('src_text', 'Her father, a chicory professor, and her mother both currently live in Waregem.'), ('tgt_text', 'PLEASE REMOVE')]) contains "REMOVE", skip
OrderedDict([('id', 'common_voice_en_19776924'), ('audio', 'common_voice_en_19776924.mp3'), ('n_frames', '240768'), ('sr', '48000'), ('src_text', 'Gatwick are disputing the findings.'), ('tgt_text', '[TO REMOVE]')]) contains "REMOVE", skip
OrderedDict([('id', 'common_voice_en_19957512'), ('audio', 'common_voice_en_19957512.mp3'), ('n_frames', '241920'), ('sr', '48000'), ('src_text', 'Aso and flows west through the Kikuchi Valley.'), ('tgt_text', '[TO REMOVE]')]) contains "REMOVE", skip
OrderedDict([('id', 'common_voice_en_18697925'), ('audio', 'common_voice_en_18697925.mp3'), ('n_frames', '241920'), ('sr', '48000'), ('src_text', 'DuPont de Nemours plant in Carneys Point.'), ('tgt_text', '[TO REMOVE]')]) contains "REMOVE", skip
OrderedDict([('id', 'common_voice_en_19251646'), ('audio', 'common_voice_en_19251646.mp3'), ('n_frames', '243072'), ('sr', '48000'), ('src_text', 'The competitor with the longest legal put is declared the winner.'), ('tgt_text', 'PLEASE REMOVE')]) contains "REMOVE", skip
OrderedDict([('id', 'common_voice_en_18567062'), ('audio', 'common_voice_en_18567062.mp3'), ('n_frames', '244224'), ('sr', '48000'), ('src_text', 'Harry snatched his hands away from before his face.'), ('tgt_text', '[TO REMOVE]')]) contains "REMOVE", skip
OrderedDict([('id', 'common_voice_en_20052133'), ('audio', 'common_voice_en_20052133.mp3'), ('n_frames', '245376'), ('sr', '48000'), ('src_text', 'It also had low reaction times and high elevation, with a shells and range.'), ('tgt_text', '[TO REMOVE]')]) contains "REMOVE", skip
OrderedDict([('id', 'common_voice_en_156326'), ('audio', 'common_voice_en_156326.mp3'), ('n_frames', '245376'), ('sr', '48000'), ('src_text', 'a small black and white jumping to catch something in its mouth.'), ('tgt_text', '[TO REMOVE]')]) contains "REMOVE", skip
OrderedDict([('id', 'common_voice_en_18708229'), ('audio', 'common_voice_en_18708229.mp3'), ('n_frames', '246528'), ('sr', '48000'), ('src_text', 'They did what no other motorcycle make did-they listened.'), ('tgt_text', '[TO REMOVE]')]) contains "REMOVE", skip
OrderedDict([('id', 'common_voice_en_18499062'), ('audio', 'common_voice_en_18499062.mp3'), ('n_frames', '249984'), ('sr', '48000'), ('src_text', 'The Committee on Committees is a real thing.'), ('tgt_text', '[TO REMOVE]')]) contains "REMOVE", skip
OrderedDict([('id', 'common_voice_en_18732117'), ('audio', 'common_voice_en_18732117.mp3'), ('n_frames', '249984'), ('sr', '48000'), ('src_text', 'They are born blind and weigh between each.'), ('tgt_text', '[TO REMOVE]')]) contains "REMOVE", skip
OrderedDict([('id', 'common_voice_en_61616'), ('audio', 'common_voice_en_61616.mp3'), ('n_frames', '251136'), ('sr', '48000'), ('src_text', '"I\'d like to hear music that\'s popular from Trick-trick on the Slacker service"'), ('tgt_text', '[TO REMOVE] (gibberish)')]) contains "REMOVE", skip
OrderedDict([('id', 'common_voice_en_18848434'), ('audio', 'common_voice_en_18848434.mp3'), ('n_frames', '251136'), ('sr', '48000'), ('src_text', '"""Hard West"", turn-based tactical game."'), ('tgt_text', '[TO REMOVE]')]) contains "REMOVE", skip
OrderedDict([('id', 'common_voice_en_18564763'), ('audio', 'common_voice_en_18564763.mp3'), ('n_frames', '251136'), ('sr', '48000'), ('src_text', 'A little soft about a mile off, and the edges want cleaning.'), ('tgt_text', '[TO REMOVE]')]) contains "REMOVE", skip
OrderedDict([('id', 'common_voice_en_19244755'), ('audio', 'common_voice_en_19244755.mp3'), ('n_frames', '251136'), ('sr', '48000'), ('src_text', 'Carleton, but just plain Jackson.'), ('tgt_text', '[TO REMOVE]')]) contains "REMOVE", skip
OrderedDict([('id', 'common_voice_en_19474788'), ('audio', 'common_voice_en_19474788.mp3'), ('n_frames', '252288'), ('sr', '48000'), ('src_text', 'Scales on upper surface of tibia mostly tricarinate.'), ('tgt_text', '[TO REMOVE]')]) contains "REMOVE", skip
OrderedDict([('id', 'common_voice_en_20006472'), ('audio', 'common_voice_en_20006472.mp3'), ('n_frames', '253440'), ('sr', '48000'), ('src_text', 'The King Starring Trent Carlini, playing indefinitely.'), ('tgt_text', '[TO REMOVE]')]) contains "REMOVE", skip
OrderedDict([('id', 'common_voice_en_18993394'), ('audio', 'common_voice_en_18993394.mp3'), ('n_frames', '255744'), ('sr', '48000'), ('src_text', 'Several types of birth control pills help against acne in women.'), ('tgt_text', '[TO REMOVE]')]) contains "REMOVE", skip
OrderedDict([('id', 'common_voice_en_19374129'), ('audio', 'common_voice_en_19374129.mp3'), ('n_frames', '256896'), ('sr', '48000'), ('src_text', 'His design for the E. P. Dutton re-issues of A.'), ('tgt_text', '[TO REMOVE]')]) contains "REMOVE", skip
OrderedDict([('id', 'common_voice_en_18718428'), ('audio', 'common_voice_en_18718428.mp3'), ('n_frames', '256896'), ('sr', '48000'), ('src_text', '"ancient dress """"Euran Emännän Puku""""."'), ('tgt_text', '[TO REMOVE]')]) contains "REMOVE", skip
OrderedDict([('id', 'common_voice_en_18993484'), ('audio', 'common_voice_en_18993484.mp3'), ('n_frames', '258048'), ('sr', '48000'), ('src_text', 'It was the only season in which he led the team in games caught.'), ('tgt_text', '[TO REMOVE]')]) contains "REMOVE", skip
OrderedDict([('id', 'common_voice_en_19159260'), ('audio', 'common_voice_en_19159260.mp3'), ('n_frames', '259200'), ('sr', '48000'), ('src_text', 'He kills Quin and the remote and the whole place explodes.'), ('tgt_text', 'PLEASE REMOVE')]) contains "REMOVE", skip
OrderedDict([('id', 'common_voice_en_19701199'), ('audio', 'common_voice_en_19701199.mp3'), ('n_frames', '259200'), ('sr', '48000'), ('src_text', 'Long Professor of Law at the University of Michigan Law School.'), ('tgt_text', '[TO REMOVE]')]) contains "REMOVE", skip
OrderedDict([('id', 'common_voice_en_156233'), ('audio', 'common_voice_en_156233.mp3'), ('n_frames', '259200'), ('sr', '48000'), ('src_text', 'A person, in a striped blue shirt and pants, is running along.'), ('tgt_text', '[TO REMOVE]')]) contains "REMOVE", skip
OrderedDict([('id', 'common_voice_en_19114449'), ('audio', 'common_voice_en_19114449.mp3'), ('n_frames', '261504'), ('sr', '48000'), ('src_text', 'Newly hatched larvae are small, less than long, white worms.'), ('tgt_text', '[TO REMOVE]')]) contains "REMOVE", skip
OrderedDict([('id', 'common_voice_en_19066809'), ('audio', 'common_voice_en_19066809.mp3'), ('n_frames', '262656'), ('sr', '48000'), ('src_text', 'It is around from Kinshasa by air, or about by road.'), ('tgt_text', '[TO REMOVE]')]) contains "REMOVE", skip
OrderedDict([('id', 'common_voice_en_20057639'), ('audio', 'common_voice_en_20057639.mp3'), ('n_frames', '263808'), ('sr', '48000'), ('src_text', '"""Chollima"" is the thousand-""ri"" horse."'), ('tgt_text', '[TO REMOVE]')]) contains "REMOVE", skip
OrderedDict([('id', 'common_voice_en_647367'), ('audio', 'common_voice_en_647367.mp3'), ('n_frames', '264960'), ('sr', '48000'), ('src_text', 'add Stani, stani Ibar vodo songs in my playlist música libre'), ('tgt_text', '[TO REMOVE]')]) contains "REMOVE", skip
OrderedDict([('id', 'common_voice_en_18724673'), ('audio', 'common_voice_en_18724673.mp3'), ('n_frames', '264960'), ('sr', '48000'), ('src_text', '"This ""reeve"" has been described as ""the pivot man of the manorial system""."'), ('tgt_text', 'TO REMOVE')]) contains "REMOVE", skip
OrderedDict([('id', 'common_voice_en_509475'), ('audio', 'common_voice_en_509475.mp3'), ('n_frames', '268416'), ('sr', '48000'), ('src_text', '"I\'d like to hear music that\'s popular from Trick-trick on the Slacker service"'), ('tgt_text', '[TO REMOVE] (gibberish)')]) contains "REMOVE", skip
OrderedDict([('id', 'common_voice_en_18738321'), ('audio', 'common_voice_en_18738321.mp3'), ('n_frames', '269568'), ('sr', '48000'), ('src_text', 'And his escape from a women following him through the streets of Manhattan.'), ('tgt_text', '[TO REMOVE]')]) contains "REMOVE", skip
OrderedDict([('id', 'common_voice_en_19693141'), ('audio', 'common_voice_en_19693141.mp3'), ('n_frames', '274176'), ('sr', '48000'), ('src_text', 'The areas closer to the centromere are the pericentronomic regions.'), ('tgt_text', 'PLEASE REMOVE')]) contains "REMOVE", skip
OrderedDict([('id', 'common_voice_en_18698180'), ('audio', 'common_voice_en_18698180.mp3'), ('n_frames', '274176'), ('sr', '48000'), ('src_text', 'Ronilo Maat Omanio and Fr.'), ('tgt_text', '[TO REMOVE]')]) contains "REMOVE", skip
OrderedDict([('id', 'common_voice_en_19532168'), ('audio', 'common_voice_en_19532168.mp3'), ('n_frames', '278784'), ('sr', '48000'), ('src_text', 'PaperClip does not use word wrap to display text on the screen, which Ahoy!'), ('tgt_text', '[TO REMOVE]')]) contains "REMOVE", skip
OrderedDict([('id', 'common_voice_en_19546604'), ('audio', 'common_voice_en_19546604.mp3'), ('n_frames', '278784'), ('sr', '48000'), ('src_text', 'The species are shrubs to large trees ranging in size from tall.'), ('tgt_text', '[TO REMOVE]')]) contains "REMOVE", skip
OrderedDict([('id', 'common_voice_en_19546613'), ('audio', 'common_voice_en_19546613.mp3'), ('n_frames', '278784'), ('sr', '48000'), ('src_text', '"In New Jersey and Pennsylvania, the ""Texas hot dog,"", ""Texas chili dog."'), ('tgt_text', '[TO REMOVE]')]) contains "REMOVE", skip
OrderedDict([('id', 'common_voice_en_19912079'), ('audio', 'common_voice_en_19912079.mp3'), ('n_frames', '279936'), ('sr', '48000'), ('src_text', 'Note that n dots above a vector indicates its nth time derivative.'), ('tgt_text', '[TO REMOVE]')]) contains "REMOVE", skip
OrderedDict([('id', 'common_voice_en_19533848'), ('audio', 'common_voice_en_19533848.mp3'), ('n_frames', '279936'), ('sr', '48000'), ('src_text', '"If the driver\'s state does not have the statute, no action can be taken."'), ('tgt_text', '[TO REMOVE]')]) contains "REMOVE", skip
OrderedDict([('id', 'common_voice_en_19767027'), ('audio', 'common_voice_en_19767027.mp3'), ('n_frames', '281088'), ('sr', '48000'), ('src_text', 'This affected Warwick greatly, with his extensive landed interest in the north.'), ('tgt_text', '[TO REMOVE]')]) contains "REMOVE", skip
OrderedDict([('id', 'common_voice_en_20101508'), ('audio', 'common_voice_en_20101508.mp3'), ('n_frames', '281088'), ('sr', '48000'), ('src_text', 'He sees self in Self, sees all as Self.'), ('tgt_text', '[TO REMOVE]')]) contains "REMOVE", skip
OrderedDict([('id', 'common_voice_en_18738427'), ('audio', 'common_voice_en_18738427.mp3'), ('n_frames', '281088'), ('sr', '48000'), ('src_text', '"Analysis and original text of the poem from ""A Book of German Lyrics"", ed."'), ('tgt_text', '[TO REMOVE]')]) contains "REMOVE", skip
OrderedDict([('id', 'common_voice_en_19768171'), ('audio', 'common_voice_en_19768171.mp3'), ('n_frames', '282240'), ('sr', '48000'), ('src_text', 'The route from Blackburn to was also opened in two sections.'), ('tgt_text', '[TO REMOVE]')]) contains "REMOVE", skip
OrderedDict([('id', 'common_voice_en_557588'), ('audio', 'common_voice_en_557588.mp3'), ('n_frames', '282240'), ('sr', '48000'), ('src_text', 'Play the album entitled Se Potrei Avere Te.'), ('tgt_text', '[TO REMOVE]')]) contains "REMOVE", skip
OrderedDict([('id', 'common_voice_en_18672391'), ('audio', 'common_voice_en_18672391.mp3'), ('n_frames', '282240'), ('sr', '48000'), ('src_text', 'Tomme de Montagne is a collective term for the upland varieties, e.g.'), ('tgt_text', '[TO REMOVE]')]) contains "REMOVE", skip
OrderedDict([('id', 'common_voice_en_20093189'), ('audio', 'common_voice_en_20093189.mp3'), ('n_frames', '285696'), ('sr', '48000'), ('src_text', 'The temperature usually ranges from during winter nights to during summer days.'), ('tgt_text', '[TO REMOVE]')]) contains "REMOVE", skip
OrderedDict([('id', 'common_voice_en_19463045'), ('audio', 'common_voice_en_19463045.mp3'), ('n_frames', '286848'), ('sr', '48000'), ('src_text', '"These ""centros"" facilitated missionary access to Shuar."'), ('tgt_text', '[TO REMOVE]')]) contains "REMOVE", skip
OrderedDict([('id', 'common_voice_en_18747809'), ('audio', 'common_voice_en_18747809.mp3'), ('n_frames', '288000'), ('sr', '48000'), ('src_text', 'Vernon, Ohio and was initially called the C and E Cooper Company.'), ('tgt_text', '[TO REMOVE]')]) contains "REMOVE", skip
OrderedDict([('id', 'common_voice_en_19511588'), ('audio', 'common_voice_en_19511588.mp3'), ('n_frames', '288000'), ('sr', '48000'), ('src_text', 'Other web sites such as Townhall dot com, Catholic Exchange, Yahoo!'), ('tgt_text', '[TO REMOVE]')]) contains "REMOVE", skip
OrderedDict([('id', 'common_voice_en_18984337'), ('audio', 'common_voice_en_18984337.mp3'), ('n_frames', '288000'), ('sr', '48000'), ('src_text', 'This had track standard sports suspension and traction control.'), ('tgt_text', '[TO REMOVE]')]) contains "REMOVE", skip
OrderedDict([('id', 'common_voice_en_293899'), ('audio', 'common_voice_en_293899.mp3'), ('n_frames', '292608'), ('sr', '48000'), ('src_text', 'A soft answer turneth diabo away wrath'), ('tgt_text', '[TO REMOVE]')]) contains "REMOVE", skip
OrderedDict([('id', 'common_voice_en_19520093'), ('audio', 'common_voice_en_19520093.mp3'), ('n_frames', '293760'), ('sr', '48000'), ('src_text', '"Metaphorically, ""small beer"" means a trifle, or a thing of little importance."'), ('tgt_text', '[TO REMOVE]')]) contains "REMOVE", skip
OrderedDict([('id', 'common_voice_en_19261751'), ('audio', 'common_voice_en_19261751.mp3'), ('n_frames', '293760'), ('sr', '48000'), ('src_text', 'The embankment was between high, and was made of sand, covered in turves.'), ('tgt_text', '[TO REMOVE]')]) contains "REMOVE", skip
OrderedDict([('id', 'common_voice_en_19677516'), ('audio', 'common_voice_en_19677516.mp3'), ('n_frames', '299520'), ('sr', '48000'), ('src_text', 'It is indented about into the California coast.'), ('tgt_text', '[TO REMOVE]')]) contains "REMOVE", skip
OrderedDict([('id', 'common_voice_en_19533823'), ('audio', 'common_voice_en_19533823.mp3'), ('n_frames', '299520'), ('sr', '48000'), ('src_text', 'Josiah Smith, a prominent minister of colonial South Carolina.'), ('tgt_text', '[TO REMOVE]')]) contains "REMOVE", skip
OrderedDict([('id', 'common_voice_en_18896390'), ('audio', 'common_voice_en_18896390.mp3'), ('n_frames', '305280'), ('sr', '48000'), ('src_text', 'He is an extraordinarily coherent statement of a way of being in the world.'), ('tgt_text', '[TO REMOVE]')]) contains "REMOVE", skip
OrderedDict([('id', 'common_voice_en_18818595'), ('audio', 'common_voice_en_18818595.mp3'), ('n_frames', '307584'), ('sr', '48000'), ('src_text', '"Which ""foreign sky"" Macrobius was born under has been the subject of much speculation."'), ('tgt_text', 'PLEASE REMOVE')]) contains "REMOVE", skip
OrderedDict([('id', 'common_voice_en_19168737'), ('audio', 'common_voice_en_19168737.mp3'), ('n_frames', '307584'), ('sr', '48000'), ('src_text', 'Terzi, all with the Medical School at the same university.'), ('tgt_text', '[TO REMOVE]')]) contains "REMOVE", skip
OrderedDict([('id', 'common_voice_en_19742099'), ('audio', 'common_voice_en_19742099.mp3'), ('n_frames', '308736'), ('sr', '48000'), ('src_text', '"Pollard\'s three wickets included Bradman, leg before wicket for just seven runs."'), ('tgt_text', '[TO REMOVE]')]) contains "REMOVE", skip
OrderedDict([('id', 'common_voice_en_19093028'), ('audio', 'common_voice_en_19093028.mp3'), ('n_frames', '309888'), ('sr', '48000'), ('src_text', 'The intended difference between the two Unicode values and is unclear.'), ('tgt_text', '[TO REMOVE]')]) contains "REMOVE", skip
OrderedDict([('id', 'common_voice_en_200486'), ('audio', 'common_voice_en_200486.mp3'), ('n_frames', '309888'), ('sr', '48000'), ('src_text', 'what is the foreast for Spain at East Glacier Park at one pm'), ('tgt_text', '[TO REMOVE]')]) contains "REMOVE", skip
OrderedDict([('id', 'common_voice_en_19777402'), ('audio', 'common_voice_en_19777402.mp3'), ('n_frames', '311040'), ('sr', '48000'), ('src_text', 'The core of Artica was the Canadian Shield, which named Kenorland.'), ('tgt_text', '[TO REMOVE]')]) contains "REMOVE", skip
OrderedDict([('id', 'common_voice_en_19823605'), ('audio', 'common_voice_en_19823605.mp3'), ('n_frames', '312192'), ('sr', '48000'), ('src_text', 'An extended metaphor is metaphor that is continued over multiple sentences.'), ('tgt_text', '[TO REMOVE]')]) contains "REMOVE", skip
OrderedDict([('id', 'common_voice_en_18724602'), ('audio', 'common_voice_en_18724602.mp3'), ('n_frames', '313344'), ('sr', '48000'), ('src_text', 'While Samsung was driving the high tier segment improving display capability.'), ('tgt_text', '[TO REMOVE]')]) contains "REMOVE", skip
OrderedDict([('id', 'common_voice_en_19822445'), ('audio', 'common_voice_en_19822445.mp3'), ('n_frames', '313344'), ('sr', '48000'), ('src_text', 'Baggs Element Active pickup system is also installed.'), ('tgt_text', '[TO REMOVE]')]) contains "REMOVE", skip
OrderedDict([('id', 'common_voice_en_19822554'), ('audio', 'common_voice_en_19822554.mp3'), ('n_frames', '313344'), ('sr', '48000'), ('src_text', 'A third set simulates vibration such as stall buffet.'), ('tgt_text', '[TO REMOVE]')]) contains "REMOVE", skip
OrderedDict([('id', 'common_voice_en_19766466'), ('audio', 'common_voice_en_19766466.mp3'), ('n_frames', '315648'), ('sr', '48000'), ('src_text', 'After the track divided into two which ran roughly east-south-east in parallel, apart.'), ('tgt_text', '[TO REMOVE]')]) contains "REMOVE", skip
OrderedDict([('id', 'common_voice_en_19777409'), ('audio', 'common_voice_en_19777409.mp3'), ('n_frames', '315648'), ('sr', '48000'), ('src_text', 'The male Indian muntjac has small, unbranched antlers which grow to about in length.'), ('tgt_text', '[TO REMOVE]')]) contains "REMOVE", skip
OrderedDict([('id', 'common_voice_en_63164'), ('audio', 'common_voice_en_63164.mp3'), ('n_frames', '316800'), ('sr', '48000'), ('src_text', 'Two woman try and get people to come to there car wash.'), ('tgt_text', 'PLEASE REMOVE')]) contains "REMOVE", skip
OrderedDict([('id', 'common_voice_en_48117'), ('audio', 'common_voice_en_48117.mp3'), ('n_frames', '317952'), ('sr', '48000'), ('src_text', 'add Stani, stani Ibar vodo songs in my playlist música libre'), ('tgt_text', '[TO REMOVE]')]) contains "REMOVE", skip
OrderedDict([('id', 'common_voice_en_19534171'), ('audio', 'common_voice_en_19534171.mp3'), ('n_frames', '320256'), ('sr', '48000'), ('src_text', '"Later on, in another episode of Loudwire\'s Wikipedia: Fact Or Fiction?"'), ('tgt_text', '[TO REMOVE]')]) contains "REMOVE", skip
OrderedDict([('id', 'common_voice_en_18099188'), ('audio', 'common_voice_en_18099188.mp3'), ('n_frames', '322560'), ('sr', '48000'), ('src_text', 'Pretty please with a cherry on top!'), ('tgt_text', 'Bittebittebitte!')]) text part invalid ratio, skip
OrderedDict([('id', 'common_voice_en_20068901'), ('audio', 'common_voice_en_20068901.mp3'), ('n_frames', '322560'), ('sr', '48000'), ('src_text', '"""Treasure trove"", sometimes rendered ""treasure-trove"", literally means ""treasure that has been found""."'), ('tgt_text', '[TO REMOVE]')]) contains "REMOVE", skip
OrderedDict([('id', 'common_voice_en_19917996'), ('audio', 'common_voice_en_19917996.mp3'), ('n_frames', '328320'), ('sr', '48000'), ('src_text', 'It is typically a lowland species, ranging up to about but reaches in Austria.'), ('tgt_text', '[TO REMOVE]')]) contains "REMOVE", skip
OrderedDict([('id', 'common_voice_en_19277284'), ('audio', 'common_voice_en_19277284.mp3'), ('n_frames', '329472'), ('sr', '48000'), ('src_text', 'Palmyra, is from Richmond and from Dulles International Airport.'), ('tgt_text', '[TO REMOVE]')]) contains "REMOVE", skip
OrderedDict([('id', 'common_voice_en_19825530'), ('audio', 'common_voice_en_19825530.mp3'), ('n_frames', '332928'), ('sr', '48000'), ('src_text', 'I had better go into Nottingham on Saturday and settle them.'), ('tgt_text', '[TO REMOVE]')]) contains "REMOVE", skip
OrderedDict([('id', 'common_voice_en_20066668'), ('audio', 'common_voice_en_20066668.mp3'), ('n_frames', '342144'), ('sr', '48000'), ('src_text', '"The band\'s follow-up album Have a Good Time but Get out Alive!"'), ('tgt_text', '[TO REMOVE]')]) contains "REMOVE", skip
OrderedDict([('id', 'common_voice_en_178006'), ('audio', 'common_voice_en_178006.mp3'), ('n_frames', '343296'), ('sr', '48000'), ('src_text', 'add Stani, stani Ibar vodo songs in my playlist música libre'), ('tgt_text', '[TO REMOVE]')]) contains "REMOVE", skip
OrderedDict([('id', 'common_voice_en_19768495'), ('audio', 'common_voice_en_19768495.mp3'), ('n_frames', '358272'), ('sr', '48000'), ('src_text', 'Their first pamphlet, An Answer to a booke entituled, An Humble Remonstrance.'), ('tgt_text', '[TO REMOVE]')]) contains "REMOVE", skip
OrderedDict([('id', 'common_voice_en_19822446'), ('audio', 'common_voice_en_19822446.mp3'), ('n_frames', '362880'), ('sr', '48000'), ('src_text', 'Everything goes wrong in this hilarious battle with the powers that be!'), ('tgt_text', '[TO REMOVE]')]) contains "REMOVE", skip
OrderedDict([('id', 'common_voice_en_18706705'), ('audio', 'common_voice_en_18706705.mp3'), ('n_frames', '364032'), ('sr', '48000'), ('src_text', 'Both and are algebraic groups, because the condition that a matrix be orthogonal, i.e.'), ('tgt_text', '[TO REMOVE]')]) contains "REMOVE", skip
OrderedDict([('id', 'common_voice_en_19583240'), ('audio', 'common_voice_en_19583240.mp3'), ('n_frames', '365184'), ('sr', '48000'), ('src_text', 'Guadalajara and fought for a spot in Copa Libertadores.'), ('tgt_text', '[REMOVE]')]) contains "REMOVE", skip
OrderedDict([('id', 'common_voice_en_19823233'), ('audio', 'common_voice_en_19823233.mp3'), ('n_frames', '366336'), ('sr', '48000'), ('src_text', 'Barton City is at with an elevation of above sea level.'), ('tgt_text', '[TO REMOVE]')]) contains "REMOVE", skip
OrderedDict([('id', 'common_voice_en_19810976'), ('audio', 'common_voice_en_19810976.mp3'), ('n_frames', '367488'), ('sr', '48000'), ('src_text', 'Circuit, and the New York State Court of Appeals are also collected.'), ('tgt_text', '[TO REMOVE]')]) contains "REMOVE", skip
OrderedDict([('id', 'common_voice_en_19080158'), ('audio', 'common_voice_en_19080158.mp3'), ('n_frames', '376704'), ('sr', '48000'), ('src_text', 'This generated mixed and polarized views from bemused locals and built environment professions alike.'), ('tgt_text', '[TO REMOVE]')]) contains "REMOVE", skip
OrderedDict([('id', 'common_voice_en_20014913'), ('audio', 'common_voice_en_20014913.mp3'), ('n_frames', '377856'), ('sr', '48000'), ('src_text', 'Avner Bahat, Eden Partosh: Chayav ve-yetsirato.'), ('tgt_text', '[TO REMOVE]')]) contains "REMOVE", skip
OrderedDict([('id', 'common_voice_en_19843628'), ('audio', 'common_voice_en_19843628.mp3'), ('n_frames', '377856'), ('sr', '48000'), ('src_text', 'It produced at first, rising to and finally by the end of production.'), ('tgt_text', '[TO REMOVE]')]) contains "REMOVE", skip
OrderedDict([('id', 'common_voice_en_18723917'), ('audio', 'common_voice_en_18723917.mp3'), ('n_frames', '380160'), ('sr', '48000'), ('src_text', '"The court which Girardon paid to the ""premier peintre du roi"" was rewarded."'), ('tgt_text', '[TO REMOVE]')]) contains "REMOVE", skip
OrderedDict([('id', 'common_voice_en_483338'), ('audio', 'common_voice_en_483338.mp3'), ('n_frames', '381312'), ('sr', '48000'), ('src_text', 'what is the foreast for Spain at East Glacier Park at one pm'), ('tgt_text', '[TO REMOVE]')]) contains "REMOVE", skip
OrderedDict([('id', 'common_voice_en_19152323'), ('audio', 'common_voice_en_19152323.mp3'), ('n_frames', '384768'), ('sr', '48000'), ('src_text', 'His Paschales atque nouiluniorum mensurni canones.'), ('tgt_text', 'TO REMOVE')]) contains "REMOVE", skip
OrderedDict([('id', 'common_voice_en_19518840'), ('audio', 'common_voice_en_19518840.mp3'), ('n_frames', '396288'), ('sr', '48000'), ('src_text', '"She is the author of the book ""Viajes, memoria parlamentaria""."'), ('tgt_text', '[TO REMOVE]')]) contains "REMOVE", skip
OrderedDict([('id', 'common_voice_en_19028966'), ('audio', 'common_voice_en_19028966.mp3'), ('n_frames', '397440'), ('sr', '48000'), ('src_text', '"South Dakota\'s ""Argus Leader"" has inaugurated a new online feature called You Re-Write-It Editorials."'), ('tgt_text', '[TO REMOVE]')]) contains "REMOVE", skip
OrderedDict([('id', 'common_voice_en_19132624'), ('audio', 'common_voice_en_19132624.mp3'), ('n_frames', '397440'), ('sr', '48000'), ('src_text', 'Each horizontal course of lath is spaced about away from its neighboring courses.'), ('tgt_text', 'PLEASE REMOVE')]) contains "REMOVE", skip
OrderedDict([('id', 'common_voice_en_16556180'), ('audio', 'common_voice_en_16556180.mp3'), ('n_frames', '400896'), ('sr', '48000'), ('src_text', '" "'), ('tgt_text', '')]) text part too short, skip
OrderedDict([('id', 'common_voice_en_18707156'), ('audio', 'common_voice_en_18707156.mp3'), ('n_frames', '403200'), ('sr', '48000'), ('src_text', '"However, emeralds ""a, b, c,""..etc."'), ('tgt_text', '[TO REMOVE]')]) contains "REMOVE", skip
OrderedDict([('id', 'common_voice_en_20018533'), ('audio', 'common_voice_en_20018533.mp3'), ('n_frames', '403200'), ('sr', '48000'), ('src_text', 'The Tyrrell arms are Argent, two chevronels azure, a border engrailed gules.'), ('tgt_text', '[TO REMOVE]')]) contains "REMOVE", skip
OrderedDict([('id', 'common_voice_en_89506'), ('audio', 'common_voice_en_89506.mp3'), ('n_frames', '411264'), ('sr', '48000'), ('src_text', 'Want a work called Walk the River'), ('tgt_text', '[TO REMOVE]')]) contains "REMOVE", skip
OrderedDict([('id', 'common_voice_en_19815940'), ('audio', 'common_voice_en_19815940.mp3'), ('n_frames', '422784'), ('sr', '48000'), ('src_text', 'Shipping Board and carried wool and chrome between North America, Manila and Australia.'), ('tgt_text', '[TO REMOVE]')]) contains "REMOVE", skip
OrderedDict([('id', 'common_voice_en_19490865'), ('audio', 'common_voice_en_19490865.mp3'), ('n_frames', '426240'), ('sr', '48000'), ('src_text', 'Former Chairman: Mexican Stock Exchange, Mexican Banking Association, Universidad Iberoamericana.'), ('tgt_text', '[TO REMOVE]')]) contains "REMOVE", skip
OrderedDict([('id', 'common_voice_en_19151944'), ('audio', 'common_voice_en_19151944.mp3'), ('n_frames', '432000'), ('sr', '48000'), ('src_text', 'A Gorgonzola was guarded King Enzo, son of Emperor and Imperial Vicar of Lombardy.'), ('tgt_text', 'PLEASE REMOVE')]) contains "REMOVE", skip
OrderedDict([('id', 'common_voice_en_19305276'), ('audio', 'common_voice_en_19305276.mp3'), ('n_frames', '433152'), ('sr', '48000'), ('src_text', 'Feminist views of the depiction of male-on-female facials are primarily critical.'), ('tgt_text', '[TO REMOVE] - refers to blowjob, I don‘t think this is admittable here?')]) contains "REMOVE", skip
OrderedDict([('id', 'common_voice_en_18723646'), ('audio', 'common_voice_en_18723646.mp3'), ('n_frames', '434304'), ('sr', '48000'), ('src_text', 'Turangawaewae Now just a Marae the Kingitanga was taken by the late Maori queen.'), ('tgt_text', '[TO REMOVE]')]) contains "REMOVE", skip
OrderedDict([('id', 'common_voice_en_19806806'), ('audio', 'common_voice_en_19806806.mp3'), ('n_frames', '437760'), ('sr', '48000'), ('src_text', '"Thursday night shows are billed as ""Skippeth-Out-Of-Work-Early Thursday Nights""."'), ('tgt_text', '[TO REMOVE]')]) contains "REMOVE", skip
OrderedDict([('id', 'common_voice_en_19620909'), ('audio', 'common_voice_en_19620909.mp3'), ('n_frames', '438912'), ('sr', '48000'), ('src_text', 'To commemorate Alpheus Spring Packard Srs.'), ('tgt_text', '[TO REMOVE]')]) contains "REMOVE", skip
OrderedDict([('id', 'common_voice_en_583023'), ('audio', 'common_voice_en_583023.mp3'), ('n_frames', '440064'), ('sr', '48000'), ('src_text', '"I\'d like to hear music that\'s popular from Trick-trick on the Slacker service"'), ('tgt_text', '[TO REMOVE] (gibberish)')]) contains "REMOVE", skip
OrderedDict([('id', 'common_voice_en_19789429'), ('audio', 'common_voice_en_19789429.mp3'), ('n_frames', '443520'), ('sr', '48000'), ('src_text', 'Many long-running nameplates that obtained their start as econoboxes have since moved upscale.'), ('tgt_text', '[TO REMOVE]')]) contains "REMOVE", skip
OrderedDict([('id', 'common_voice_en_19521516'), ('audio', 'common_voice_en_19521516.mp3'), ('n_frames', '458496'), ('sr', '48000'), ('src_text', 'It has been named the prairie pigeon, fute, little curlew, doe-bird, and doughbird.'), ('tgt_text', '[TO REMOVE]')]) contains "REMOVE", skip
OrderedDict([('id', 'common_voice_en_536188'), ('audio', 'common_voice_en_536188.mp3'), ('n_frames', '460800'), ('sr', '48000'), ('src_text', 'A soft answer turneth diabo away wrath'), ('tgt_text', '[TO REMOVE]')]) contains "REMOVE", skip
OrderedDict([('id', 'common_voice_en_18698093'), ('audio', 'common_voice_en_18698093.mp3'), ('n_frames', '468864'), ('sr', '48000'), ('src_text', '"""Key: P–games played, W–games won, D–games drawn; L–games lost, %–win percentage"""'), ('tgt_text', '[TO REMOVE]')]) contains "REMOVE", skip
OrderedDict([('id', 'common_voice_en_19152033'), ('audio', 'common_voice_en_19152033.mp3'), ('n_frames', '473472'), ('sr', '48000'), ('src_text', 'The paper, entitled Can quantum-mechanical description of physical reality be considered complete?'), ('tgt_text', 'PLEASE REMOVE')]) contains "REMOVE", skip
OrderedDict([('id', 'common_voice_en_98576'), ('audio', 'common_voice_en_98576.mp3'), ('n_frames', '564480'), ('sr', '48000'), ('src_text', 'Book sot for four at Fowlkes'), ('tgt_text', '[TO REMOVE]')]) contains "REMOVE", skip
remove 248/288435 samples
[clean source text]
Namespace(input_tsv='../../../data/covost_en_de/train.tsv.tmp', key='src_text', lang='en', lowercase=True, normalize=True, output_tsv='../../../data/covost_en_de/train.tsv.tmp', overwrite=True, remove_punctuation=True, verbose=True)
[clean target text]
Namespace(input_tsv='../../../data/covost_en_de/train.tsv.tmp', key='tgt_text', lang='de', lowercase=False, normalize=True, output_tsv='../../../data/covost_en_de/train.tsv', overwrite=True, remove_punctuation=False, verbose=True)
[prepare data]
Namespace(audio_dir='/home/haoy/da33_scratch/haoy/data/cv-corpus-6.1-2020-12-11/en/clips/', input_tsv='covost_tsv/covost_v2.en_de.dev.tsv', output_tsv='../../../data/covost_en_de/dev.tsv.tmp', overwrite=False, path_key='path', src_key='sentence', tgt_key='translation', verbose=True)
[clean paired corpus]
Namespace(input_tsv='../../../data/covost_en_de/dev.tsv.tmp', max=-1, min=1, output_tsv='../../../data/covost_en_de/dev.tsv.tmp', overwrite=True, ratio=5.0, src_key='src_text', tgt_key='tgt_text', verbose=True)
OrderedDict([('id', 'common_voice_en_17714078'), ('audio', 'common_voice_en_17714078.mp3'), ('n_frames', '132480'), ('sr', '48000'), ('src_text', 'General levy of the people.'), ('tgt_text', '[TO REMOVE]')]) contains "REMOVE", skip
OrderedDict([('id', 'common_voice_en_17736768'), ('audio', 'common_voice_en_17736768.mp3'), ('n_frames', '160128'), ('sr', '48000'), ('src_text', 'To be a mighty grandee.'), ('tgt_text', '[TO REMOVE]')]) contains "REMOVE", skip
OrderedDict([('id', 'common_voice_en_18698632'), ('audio', 'common_voice_en_18698632.mp3'), ('n_frames', '161280'), ('sr', '48000'), ('src_text', 'from National Taiwan University.'), ('tgt_text', '[TO REMOVE]')]) contains "REMOVE", skip
OrderedDict([('id', 'common_voice_en_19743534'), ('audio', 'common_voice_en_19743534.mp3'), ('n_frames', '256896'), ('sr', '48000'), ('src_text', '"A more generic term is ""mainline""."'), ('tgt_text', '[TO REMOVE]')]) contains "REMOVE", skip
OrderedDict([('id', 'common_voice_en_19684652'), ('audio', 'common_voice_en_19684652.mp3'), ('n_frames', '264960'), ('sr', '48000'), ('src_text', 'The fuselage was white and towards the cockpit had to Hamburg International logo.'), ('tgt_text', '[TO REMOVE]')]) contains "REMOVE", skip
OrderedDict([('id', 'common_voice_en_19946429'), ('audio', 'common_voice_en_19946429.mp3'), ('n_frames', '342144'), ('sr', '48000'), ('src_text', 'Healthy Preparatory and Fitness Academy which is a charter school.'), ('tgt_text', '[TO REMOVE]')]) contains "REMOVE", skip
OrderedDict([('id', 'common_voice_en_19040863'), ('audio', 'common_voice_en_19040863.mp3'), ('n_frames', '374400'), ('sr', '48000'), ('src_text', 'The Dreaming is the domain of Dream of the Endless.'), ('tgt_text', '[TO REMOVE]')]) contains "REMOVE", skip
OrderedDict([('id', 'common_voice_en_18522130'), ('audio', 'common_voice_en_18522130.mp3'), ('n_frames', '385920'), ('sr', '48000'), ('src_text', 'Lit. All hail, fresh, pious, joyous, free.'), ('tgt_text', 'TO REMOVE.')]) contains "REMOVE", skip
OrderedDict([('id', 'common_voice_en_19617371'), ('audio', 'common_voice_en_19617371.mp3'), ('n_frames', '388224'), ('sr', '48000'), ('src_text', 'Saint Louis Fire Department - Aircraft Rescue Firefighting at Saint Louis Lambert International Airport.'), ('tgt_text', '[TO REMOVE]')]) contains "REMOVE", skip
OrderedDict([('id', 'common_voice_en_19758334'), ('audio', 'common_voice_en_19758334.mp3'), ('n_frames', '410112'), ('sr', '48000'), ('src_text', 'Ned Ludd, while in poetry there are precedents such as Taliesin.'), ('tgt_text', '[TO REMOVE]')]) contains "REMOVE", skip
OrderedDict([('id', 'common_voice_en_19624539'), ('audio', 'common_voice_en_19624539.mp3'), ('n_frames', '415872'), ('sr', '48000'), ('src_text', '"Nowadays, the two works are distinguished by their origin: ""Original"" versus ""arr."'), ('tgt_text', '[TO REMOVE]')]) contains "REMOVE", skip
OrderedDict([('id', 'common_voice_en_19018146'), ('audio', 'common_voice_en_19018146.mp3'), ('n_frames', '436608'), ('sr', '48000'), ('src_text', 'Guns, with whom he wrote most of their self-titled debut album.'), ('tgt_text', '[TO REMOVE]')]) contains "REMOVE", skip
OrderedDict([('id', 'common_voice_en_19121777'), ('audio', 'common_voice_en_19121777.mp3'), ('n_frames', '470016'), ('sr', '48000'), ('src_text', 'The at Douaumont had been repaired and fired in support of the French attack.'), ('tgt_text', 'PLEASE REMOVE.')]) contains "REMOVE", skip
OrderedDict([('id', 'common_voice_en_19676692'), ('audio', 'common_voice_en_19676692.mp3'), ('n_frames', '479232'), ('sr', '48000'), ('src_text', 'Print from nearby Jonesville and parts of Wilkes County and Yadkin County.'), ('tgt_text', '[TO REMOVE]')]) contains "REMOVE", skip
remove 14/15494 samples
[clean source text]
Namespace(input_tsv='../../../data/covost_en_de/dev.tsv.tmp', key='src_text', lang='en', lowercase=True, normalize=True, output_tsv='../../../data/covost_en_de/dev.tsv.tmp', overwrite=True, remove_punctuation=True, verbose=True)
[clean target text]
Namespace(input_tsv='../../../data/covost_en_de/dev.tsv.tmp', key='tgt_text', lang='de', lowercase=False, normalize=True, output_tsv='../../../data/covost_en_de/dev.tsv', overwrite=True, remove_punctuation=False, verbose=True)
[prepare data]
Namespace(audio_dir='/home/haoy/da33_scratch/haoy/data/cv-corpus-6.1-2020-12-11/en/clips/', input_tsv='covost_tsv/covost_v2.en_de.test.tsv', output_tsv='../../../data/covost_en_de/test.tsv.tmp', overwrite=False, path_key='path', src_key='sentence', tgt_key='translation', verbose=True)
[clean paired corpus]
Namespace(input_tsv='../../../data/covost_en_de/test.tsv.tmp', max=-1, min=1, output_tsv='../../../data/covost_en_de/test.tsv.tmp', overwrite=True, ratio=5.0, src_key='src_text', tgt_key='tgt_text', verbose=True)
OrderedDict([('id', 'common_voice_en_18009623'), ('audio', 'common_voice_en_18009623.mp3'), ('n_frames', '158976'), ('sr', '48000'), ('src_text', 'Fair words butter no cabbage.'), ('tgt_text', '[TO REMOVE]')]) contains "REMOVE", skip
OrderedDict([('id', 'common_voice_en_640039'), ('audio', 'common_voice_en_640039.mp3'), ('n_frames', '163584'), ('sr', '48000'), ('src_text', 'An advanced progressist a radical'), ('tgt_text', '[TO REMOVE]')]) contains "REMOVE", skip
OrderedDict([('id', 'common_voice_en_19724264'), ('audio', 'common_voice_en_19724264.mp3'), ('n_frames', '188928'), ('sr', '48000'), ('src_text', 'C. B. Smiley in command.'), ('tgt_text', '[TO REMOVE]')]) contains "REMOVE", skip
OrderedDict([('id', 'common_voice_en_16759015'), ('audio', 'common_voice_en_16759015.mp3'), ('n_frames', '271872'), ('sr', '48000'), ('src_text', '""'), ('tgt_text', '')]) text part too short, skip
OrderedDict([('id', 'common_voice_en_19611491'), ('audio', 'common_voice_en_19611491.mp3'), ('n_frames', '398592'), ('sr', '48000'), ('src_text', 'Cunningham, and Bunichi Kagawa.'), ('tgt_text', '[TO REMOVE]')]) contains "REMOVE", skip
OrderedDict([('id', 'common_voice_en_18697287'), ('audio', 'common_voice_en_18697287.mp3'), ('n_frames', '451584'), ('sr', '48000'), ('src_text', '"His productions included the only official Outkast mash-up, ""Hey Mug"", which mixed Hey Ya!"'), ('tgt_text', 'D')]) text part invalid ratio, skip
remove 6/15513 samples
[clean source text]
Namespace(input_tsv='../../../data/covost_en_de/test.tsv.tmp', key='src_text', lang='en', lowercase=True, normalize=True, output_tsv='../../../data/covost_en_de/test.tsv.tmp', overwrite=True, remove_punctuation=True, verbose=True)
[clean target text]
Namespace(input_tsv='../../../data/covost_en_de/test.tsv.tmp', key='tgt_text', lang='de', lowercase=False, normalize=True, output_tsv='../../../data/covost_en_de/test.tsv', overwrite=True, remove_punctuation=False, verbose=True)
